\BOOKMARK [0][-]{MUTESCHAPTER.1.0}{\376\377\000S\000u\000m\000\341\000r\000i\000o}{}% 1
\BOOKMARK [0][-]{CHAPTER.1}{\376\377\0001\000\040\000I\000N\000T\000R\000O\000D\000U\000\307\000\303\000O}{}% 2
\BOOKMARK [0][-]{CHAPTER.2}{\376\377\0002\000\040\000P\000R\000O\000B\000L\000E\000M\000A}{}% 3
\BOOKMARK [1][-]{section.2.1}{\376\377\0002\000.\0001\000\040\000D\000i\000n\000\342\000m\000i\000c\000a\000\040\000d\000o\000\040\000j\000o\000g\000o}{CHAPTER.2}% 4
\BOOKMARK [1][-]{section.2.2}{\376\377\0002\000.\0002\000\040\000H\000i\000s\000t\000o\000r\000i\000c\000a\000m\000e\000n\000t\000e}{CHAPTER.2}% 5
\BOOKMARK [0][-]{CHAPTER.3}{\376\377\0003\000\040\000L\000I\000N\000G\000U\000A\000G\000E\000M}{}% 6
\BOOKMARK [1][-]{section.3.1}{\376\377\0003\000.\0001\000\040\000H\000i\000s\000t\000\363\000r\000i\000a}{CHAPTER.3}% 7
\BOOKMARK [1][-]{section.3.2}{\376\377\0003\000.\0002\000\040\000A\000s\000p\000e\000c\000t\000o\000s\000\040\000t\000\351\000c\000n\000i\000c\000o\000s}{CHAPTER.3}% 8
\BOOKMARK [1][-]{section.3.3}{\376\377\0003\000.\0003\000\040\000U\000t\000i\000l\000i\000z\000a\000\347\000\343\000o}{CHAPTER.3}% 9
\BOOKMARK [1][-]{section.3.4}{\376\377\0003\000.\0004\000\040\000M\000o\000t\000i\000v\000o\000\040\000d\000a\000\040\000e\000s\000c\000o\000l\000h\000a}{CHAPTER.3}% 10
\BOOKMARK [1][-]{section.3.5}{\376\377\0003\000.\0005\000\040\000A\000n\000\341\000l\000i\000s\000e}{CHAPTER.3}% 11
\BOOKMARK [0][-]{CHAPTER.4}{\376\377\0004\000\040\000I\000M\000P\000L\000E\000M\000E\000N\000T\000A\000\307\000\303\000O}{}% 12
\BOOKMARK [1][-]{section.4.1}{\376\377\0004\000.\0001\000\040\000P\000A\000R\000A\000D\000I\000G\000M\000A\000\040\000O\000R\000I\000E\000N\000T\000A\000D\000O\000\040\000A\000\040\000O\000B\000J\000E\000T\000O\000S}{CHAPTER.4}% 13
\BOOKMARK [2][-]{subsection.4.1.1}{\376\377\0004\000.\0001\000.\0001\000\040\000R\000e\000q\000u\000i\000s\000i\000t\000o\000s}{section.4.1}% 14
\BOOKMARK [3][-]{subsubsection.4.1.1.1}{\376\377\0004\000.\0001\000.\0001\000.\0001\000\040\000C\000l\000a\000s\000s\000e\000s}{subsection.4.1.1}% 15
\BOOKMARK [3][-]{subsubsection.4.1.1.2}{\376\377\0004\000.\0001\000.\0001\000.\0002\000\040\000E\000n\000c\000a\000p\000s\000u\000l\000a\000m\000e\000n\000t\000o}{subsection.4.1.1}% 16
\BOOKMARK [3][-]{subsubsection.4.1.1.3}{\376\377\0004\000.\0001\000.\0001\000.\0003\000\040\000C\000o\000n\000s\000t\000r\000u\000t\000o\000r\000e\000s\000-\000P\000a\000d\000r\000\343\000o}{subsection.4.1.1}% 17
\BOOKMARK [3][-]{subsubsection.4.1.1.4}{\376\377\0004\000.\0001\000.\0001\000.\0004\000\040\000D\000e\000s\000t\000r\000u\000t\000o\000r\000e\000s}{subsection.4.1.1}% 18
\BOOKMARK [3][-]{subsubsection.4.1.1.5}{\376\377\0004\000.\0001\000.\0001\000.\0005\000\040\000E\000s\000p\000a\000\347\000o\000s\000\040\000d\000e\000\040\000n\000o\000m\000e}{subsection.4.1.1}% 19
\BOOKMARK [3][-]{subsubsection.4.1.1.6}{\376\377\0004\000.\0001\000.\0001\000.\0006\000\040\000H\000e\000r\000a\000n\000\347\000a}{subsection.4.1.1}% 20
\BOOKMARK [3][-]{subsubsection.4.1.1.7}{\376\377\0004\000.\0001\000.\0001\000.\0007\000\040\000P\000o\000l\000i\000m\000o\000r\000f\000i\000s\000m\000o\000\040\000p\000o\000r\000\040\000i\000n\000c\000l\000u\000s\000\343\000o}{subsection.4.1.1}% 21
\BOOKMARK [3][-]{subsubsection.4.1.1.8}{\376\377\0004\000.\0001\000.\0001\000.\0008\000\040\000P\000o\000l\000i\000m\000o\000r\000f\000i\000s\000m\000o\000\040\000p\000a\000r\000a\000m\000\351\000t\000r\000i\000c\000o}{subsection.4.1.1}% 22
\BOOKMARK [3][-]{subsubsection.4.1.1.9}{\376\377\0004\000.\0001\000.\0001\000.\0009\000\040\000P\000o\000l\000i\000m\000o\000r\000f\000i\000s\000m\000o\000\040\000p\000o\000r\000\040\000s\000o\000b\000r\000e\000c\000a\000r\000g\000a}{subsection.4.1.1}% 23
\BOOKMARK [3][-]{subsubsection.4.1.1.10}{\376\377\0004\000.\0001\000.\0001\000.\0001\0000\000\040\000D\000e\000l\000e\000g\000a\000t\000e\000s}{subsection.4.1.1}% 24
\BOOKMARK [1][-]{section.4.2}{\376\377\0004\000.\0002\000\040\000P\000A\000R\000A\000D\000I\000G\000M\000A\000\040\000F\000U\000N\000C\000I\000O\000N\000A\000L}{CHAPTER.4}% 25
\BOOKMARK [2][-]{subsection.4.2.1}{\376\377\0004\000.\0002\000.\0001\000\040\000R\000e\000q\000u\000i\000s\000i\000t\000o\000s}{section.4.2}% 26
\BOOKMARK [3][-]{subsubsection.4.2.1.1}{\376\377\0004\000.\0002\000.\0001\000.\0001\000\040\000E\000l\000e\000m\000e\000n\000t\000o\000s\000\040\000i\000m\000u\000t\000\341\000v\000e\000i\000s\000\040\000e\000\040\000f\000u\000n\000\347\000\365\000e\000s\000\040\000p\000u\000r\000a\000s}{subsection.4.2.1}% 27
\BOOKMARK [3][-]{subsubsection.4.2.1.2}{\376\377\0004\000.\0002\000.\0001\000.\0002\000\040\000F\000u\000n\000\347\000\365\000e\000s\000\040\000l\000a\000m\000b\000d\000a}{subsection.4.2.1}% 28
\BOOKMARK [3][-]{subsubsection.4.2.1.3}{\376\377\0004\000.\0002\000.\0001\000.\0003\000\040\000C\000u\000r\000r\000y\000i\000n\000g}{subsection.4.2.1}% 29
\BOOKMARK [3][-]{subsubsection.4.2.1.4}{\376\377\0004\000.\0002\000.\0001\000.\0004\000\040\000P\000a\000t\000t\000e\000r\000n\000\040\000m\000a\000t\000c\000h\000i\000n\000g}{subsection.4.2.1}% 30
\BOOKMARK [3][-]{subsubsection.4.2.1.5}{\376\377\0004\000.\0002\000.\0001\000.\0005\000\040\000F\000u\000n\000\347\000\365\000e\000s\000\040\000d\000e\000\040\000o\000r\000d\000e\000m\000\040\000s\000u\000p\000e\000r\000i\000o\000r\000\040\000p\000r\000\363\000p\000r\000i\000a\000s}{subsection.4.2.1}% 31
\BOOKMARK [3][-]{subsubsection.4.2.1.6}{\376\377\0004\000.\0002\000.\0001\000.\0006\000\040\000F\000u\000n\000\347\000\365\000e\000s\000\040\000d\000e\000\040\000o\000r\000d\000e\000m\000\040\000s\000u\000p\000e\000r\000i\000o\000r\000\040\000p\000r\000o\000n\000t\000a\000s}{subsection.4.2.1}% 32
\BOOKMARK [3][-]{subsubsection.4.2.1.7}{\376\377\0004\000.\0002\000.\0001\000.\0007\000\040\000F\000u\000n\000\347\000\365\000e\000s\000\040\000c\000o\000m\000o\000\040\000e\000l\000e\000m\000e\000n\000t\000o\000s\000\040\000d\000e\000\040\0001\000\252\000\040\000o\000r\000d\000e\000m}{subsection.4.2.1}% 33
\BOOKMARK [3][-]{subsubsection.4.2.1.8}{\376\377\0004\000.\0002\000.\0001\000.\0008\000\040\000R\000e\000c\000u\000r\000s\000\343\000o}{subsection.4.2.1}% 34
\BOOKMARK [0][-]{CHAPTER.5}{\376\377\0005\000\040\000S\000C\000R\000E\000E\000N\000S\000H\000O\000T\000S}{}% 35
\BOOKMARK [0][-]{CHAPTER.6}{\376\377\0006\000\040\000C\000O\000N\000C\000L\000U\000S\000\303\000O}{}% 36
\BOOKMARK [0][-]{schapter.2}{\376\377\000R\000e\000f\000e\000r\000\352\000n\000c\000i\000a\000s}{}% 37
